2026-07-06 16:46:37,061 | INFO  | run | source: data/gestures-20260706-151046.jsonl
2026-07-06 16:46:37,062 | INFO  | run | run dir: logger/20260706-164637
2026-07-06 16:46:37,202 | INFO  | run | loaded GestureDataset(n=612, n_features=15, class_counts={'LEFT_INDEX': 170, 'LEFT_THUMB': 120, 'RIGHT_INDEX': 161, 'RIGHT_THUMB': 161})
2026-07-06 16:46:37,220 | INFO  | run | === phase: train ===
2026-07-06 16:46:37,226 | INFO  | train | training DecisionTree...
2026-07-06 16:46:37,522 | INFO  | train | training RandomForest...
2026-07-06 16:46:37,788 | INFO  | train | training NaiveBayes...
2026-07-06 16:46:37,791 | INFO  | train | training MLP...
2026-07-06 16:46:39,581 | INFO  | train | training kNN...
2026-07-06 16:46:39,584 | INFO  | run | === phase: eval ===
2026-07-06 16:46:39,584 | INFO  | eval | evaluating DecisionTree...
2026-07-06 16:46:39,606 | INFO  | eval | evaluating RandomForest...
2026-07-06 16:46:40,409 | INFO  | eval | evaluating NaiveBayes...
2026-07-06 16:46:40,421 | INFO  | eval | evaluating MLP...
2026-07-06 16:46:46,851 | INFO  | eval | evaluating kNN...
2026-07-06 16:46:46,866 | INFO  | report | 
============================================
classifier    acc_mean  acc_std  folds
--------------------------------------------
RandomForest  0.9608    0.0095  [0.951 0.959 0.975 0.951 0.967]
MLP           0.9608    0.0149  [0.943 0.967 0.975 0.943 0.975]
kNN           0.9395    0.0184  [0.943 0.935 0.943 0.910 0.967]
DecisionTree  0.9118    0.0189  [0.911 0.902 0.943 0.918 0.885]
NaiveBayes    0.6110    0.0312  [0.667 0.618 0.598 0.574 0.598]
============================================
2026-07-06 16:46:46,866 | INFO  | report | 
### DecisionTree  (acc = 0.9118 ± 0.0189)
              precision    recall  f1-score   support

  LEFT_INDEX      0.922     0.971     0.946       170
  LEFT_THUMB      0.956     0.900     0.927       120
 RIGHT_INDEX      0.903     0.863     0.883       161
 RIGHT_THUMB      0.880     0.907     0.893       161

    accuracy                          0.912       612
   macro avg      0.915     0.910     0.912       612
weighted avg      0.912     0.912     0.912       612
2026-07-06 16:46:46,866 | INFO  | report | 
### RandomForest  (acc = 0.9608 ± 0.0095)
              precision    recall  f1-score   support

  LEFT_INDEX      0.959     0.971     0.965       170
  LEFT_THUMB      0.966     0.942     0.954       120
 RIGHT_INDEX      0.975     0.950     0.962       161
 RIGHT_THUMB      0.946     0.975     0.960       161

    accuracy                          0.961       612
   macro avg      0.961     0.959     0.960       612
weighted avg      0.961     0.961     0.961       612
2026-07-06 16:46:46,866 | INFO  | report | 
### NaiveBayes  (acc = 0.6110 ± 0.0312)
              precision    recall  f1-score   support

  LEFT_INDEX      0.449     0.941     0.608       170
  LEFT_THUMB      0.787     0.617     0.692       120
 RIGHT_INDEX      0.941     0.398     0.559       161
 RIGHT_THUMB      0.809     0.472     0.596       161

    accuracy                          0.611       612
   macro avg      0.747     0.607     0.614       612
weighted avg      0.739     0.611     0.608       612
2026-07-06 16:46:46,866 | INFO  | report | 
### MLP  (acc = 0.9608 ± 0.0149)
              precision    recall  f1-score   support

  LEFT_INDEX      0.988     0.976     0.982       170
  LEFT_THUMB      0.975     0.975     0.975       120
 RIGHT_INDEX      0.950     0.944     0.947       161
 RIGHT_THUMB      0.933     0.950     0.942       161

    accuracy                          0.961       612
   macro avg      0.962     0.961     0.961       612
weighted avg      0.961     0.961     0.961       612
2026-07-06 16:46:46,866 | INFO  | report | 
### kNN  (acc = 0.9395 ± 0.0184)
              precision    recall  f1-score   support

  LEFT_INDEX      0.970     0.935     0.952       170
  LEFT_THUMB      0.913     0.958     0.935       120
 RIGHT_INDEX      0.967     0.901     0.932       161
 RIGHT_THUMB      0.907     0.969     0.937       161

    accuracy                          0.940       612
   macro avg      0.939     0.941     0.939       612
weighted avg      0.941     0.940     0.940       612
2026-07-06 16:46:47,656 | INFO  | run | === phase: plot ===
2026-07-06 16:46:57,386 | INFO  | run | figures written to logger/20260706-164637/plots/
2026-07-06 16:46:57,387 | INFO  | run | run saved: logger/20260706-164637 (latest -> logger/latest)
