2026-07-06 15:36:25,480 | INFO  | run | source: data/gestures-20260706-151046.jsonl
2026-07-06 15:36:25,481 | INFO  | run | run dir: logger/20260706-153625
2026-07-06 15:36:25,561 | INFO  | run | loaded GestureDataset(n=612, n_features=18, class_counts={'LEFT_HAND': 290, 'RIGHT_HAND': 322})
2026-07-06 15:36:25,570 | INFO  | run | === phase: train ===
2026-07-06 15:36:25,571 | INFO  | train | training DecisionTree...
2026-07-06 15:36:25,835 | INFO  | train | training RandomForest...
2026-07-06 15:36:26,091 | INFO  | train | training NaiveBayes...
2026-07-06 15:36:26,094 | INFO  | train | training MLP...
2026-07-06 15:36:26,354 | INFO  | train | training kNN...
2026-07-06 15:36:26,356 | INFO  | run | === phase: eval ===
2026-07-06 15:36:26,357 | INFO  | eval | evaluating DecisionTree...
2026-07-06 15:36:26,376 | INFO  | eval | evaluating RandomForest...
2026-07-06 15:36:27,150 | INFO  | eval | evaluating NaiveBayes...
2026-07-06 15:36:27,160 | INFO  | eval | evaluating MLP...
2026-07-06 15:36:28,042 | INFO  | eval | evaluating kNN...
2026-07-06 15:36:28,108 | INFO  | report | 
============================================
classifier    acc_mean  acc_std  folds
--------------------------------------------
RandomForest  1.0000    0.0000  [1.000 1.000 1.000 1.000 1.000]
MLP           1.0000    0.0000  [1.000 1.000 1.000 1.000 1.000]
kNN           0.9836    0.0116  [1.000 0.976 0.992 0.967 0.984]
DecisionTree  0.9804    0.0098  [0.976 0.992 0.967 0.975 0.992]
NaiveBayes    0.7484    0.0338  [0.699 0.789 0.721 0.779 0.754]
============================================
2026-07-06 15:36:28,113 | INFO  | report | 
### DecisionTree  (acc = 0.9804 ± 0.0098)
              precision    recall  f1-score   support

   LEFT_HAND      0.973     0.986     0.979       290
  RIGHT_HAND      0.987     0.975     0.981       322

    accuracy                          0.980       612
   macro avg      0.980     0.981     0.980       612
weighted avg      0.980     0.980     0.980       612
2026-07-06 15:36:28,113 | INFO  | report | 
### RandomForest  (acc = 1.0000 ± 0.0000)
              precision    recall  f1-score   support

   LEFT_HAND      1.000     1.000     1.000       290
  RIGHT_HAND      1.000     1.000     1.000       322

    accuracy                          1.000       612
   macro avg      1.000     1.000     1.000       612
weighted avg      1.000     1.000     1.000       612
2026-07-06 15:36:28,113 | INFO  | report | 
### NaiveBayes  (acc = 0.7484 ± 0.0338)
              precision    recall  f1-score   support

   LEFT_HAND      0.655     0.993     0.789       290
  RIGHT_HAND      0.988     0.528     0.688       322

    accuracy                          0.748       612
   macro avg      0.821     0.761     0.739       612
weighted avg      0.830     0.748     0.736       612
2026-07-06 15:36:28,114 | INFO  | report | 
### MLP  (acc = 1.0000 ± 0.0000)
              precision    recall  f1-score   support

   LEFT_HAND      1.000     1.000     1.000       290
  RIGHT_HAND      1.000     1.000     1.000       322

    accuracy                          1.000       612
   macro avg      1.000     1.000     1.000       612
weighted avg      1.000     1.000     1.000       612
2026-07-06 15:36:28,114 | INFO  | report | 
### kNN  (acc = 0.9836 ± 0.0116)
              precision    recall  f1-score   support

   LEFT_HAND      0.990     0.976     0.983       290
  RIGHT_HAND      0.979     0.991     0.985       322

    accuracy                          0.984       612
   macro avg      0.984     0.983     0.984       612
weighted avg      0.984     0.984     0.984       612
2026-07-06 15:36:28,949 | INFO  | run | === phase: plot ===
2026-07-06 15:36:38,882 | INFO  | run | figures written to logger/20260706-153625/plots/
2026-07-06 15:36:38,882 | INFO  | run | run saved: logger/20260706-153625 (latest -> logger/latest)
