2026-07-06 16:43:18,076 | INFO  | run | source: data/gestures-20260706-151046.jsonl
2026-07-06 16:43:18,077 | INFO  | run | run dir: logger/20260706-164318
2026-07-06 16:43:18,154 | INFO  | run | loaded GestureDataset(n=612, n_features=15, class_counts={'LEFT_INDEX': 170, 'LEFT_THUMB': 120, 'RIGHT_INDEX': 161, 'RIGHT_THUMB': 161})
2026-07-06 16:43:18,162 | INFO  | run | === phase: train ===
2026-07-06 16:43:18,164 | INFO  | train | training DecisionTree...
2026-07-06 16:43:18,545 | INFO  | train | training RandomForest...
2026-07-06 16:43:18,889 | INFO  | train | training NaiveBayes...
2026-07-06 16:43:18,892 | INFO  | train | training MLP...
2026-07-06 16:43:20,695 | INFO  | train | training kNN...
2026-07-06 16:43:20,699 | INFO  | run | === phase: eval ===
2026-07-06 16:43:20,699 | INFO  | eval | evaluating DecisionTree...
2026-07-06 16:43:20,720 | INFO  | eval | evaluating RandomForest...
2026-07-06 16:43:21,513 | INFO  | eval | evaluating NaiveBayes...
2026-07-06 16:43:21,524 | INFO  | eval | evaluating MLP...
2026-07-06 16:43:26,271 | INFO  | eval | evaluating kNN...
2026-07-06 16:43:26,285 | INFO  | report | 
============================================
classifier    acc_mean  acc_std  folds
--------------------------------------------
MLP           0.9542    0.0152  [0.967 0.951 0.959 0.926 0.967]
RandomForest  0.9379    0.0168  [0.959 0.919 0.943 0.918 0.951]
kNN           0.9199    0.0272  [0.935 0.927 0.893 0.885 0.959]
DecisionTree  0.9118    0.0260  [0.878 0.943 0.934 0.918 0.885]
NaiveBayes    0.5408    0.0424  [0.577 0.537 0.598 0.484 0.508]
============================================
2026-07-06 16:43:26,285 | INFO  | report | 
### DecisionTree  (acc = 0.9118 ± 0.0260)
              precision    recall  f1-score   support

  LEFT_INDEX      0.922     0.971     0.946       170
  LEFT_THUMB      0.956     0.900     0.927       120
 RIGHT_INDEX      0.903     0.863     0.883       161
 RIGHT_THUMB      0.880     0.907     0.893       161

    accuracy                          0.912       612
   macro avg      0.915     0.910     0.912       612
weighted avg      0.912     0.912     0.912       612
2026-07-06 16:43:26,285 | INFO  | report | 
### RandomForest  (acc = 0.9379 ± 0.0168)
              precision    recall  f1-score   support

  LEFT_INDEX      0.948     0.965     0.956       170
  LEFT_THUMB      0.957     0.925     0.941       120
 RIGHT_INDEX      0.948     0.901     0.924       161
 RIGHT_THUMB      0.906     0.957     0.931       161

    accuracy                          0.938       612
   macro avg      0.940     0.937     0.938       612
weighted avg      0.939     0.938     0.938       612
2026-07-06 16:43:26,285 | INFO  | report | 
### NaiveBayes  (acc = 0.5408 ± 0.0424)
              precision    recall  f1-score   support

  LEFT_INDEX      0.470     0.824     0.598       170
  LEFT_THUMB      0.510     0.617     0.558       120
 RIGHT_INDEX      0.808     0.261     0.394       161
 RIGHT_THUMB      0.641     0.466     0.540       161

    accuracy                          0.541       612
   macro avg      0.607     0.542     0.523       612
weighted avg      0.612     0.541     0.521       612
2026-07-06 16:43:26,285 | INFO  | report | 
### MLP  (acc = 0.9542 ± 0.0152)
              precision    recall  f1-score   support

  LEFT_INDEX      0.982     0.976     0.979       170
  LEFT_THUMB      0.975     0.975     0.975       120
 RIGHT_INDEX      0.937     0.925     0.931       161
 RIGHT_THUMB      0.927     0.944     0.935       161

    accuracy                          0.954       612
   macro avg      0.955     0.955     0.955       612
weighted avg      0.954     0.954     0.954       612
2026-07-06 16:43:26,285 | INFO  | report | 
### kNN  (acc = 0.9199 ± 0.0272)
              precision    recall  f1-score   support

  LEFT_INDEX      0.970     0.947     0.958       170
  LEFT_THUMB      0.959     0.983     0.971       120
 RIGHT_INDEX      0.890     0.857     0.873       161
 RIGHT_THUMB      0.869     0.907     0.888       161

    accuracy                          0.920       612
   macro avg      0.922     0.924     0.923       612
weighted avg      0.920     0.920     0.920       612
2026-07-06 16:43:27,072 | INFO  | run | === phase: plot ===
2026-07-06 16:43:36,718 | INFO  | run | figures written to logger/20260706-164318/plots/
2026-07-06 16:43:36,718 | INFO  | run | run saved: logger/20260706-164318 (latest -> logger/latest)
