2026-07-06 17:00:59,011 | INFO  | run | source: data/gestures-20260706-151046.jsonl
2026-07-06 17:00:59,011 | INFO  | run | run dir: logger/20260706-170059
2026-07-06 17:00:59,283 | INFO  | run | loaded GestureDataset(n=612, n_features=12, class_counts={'LEFT_INDEX': 170, 'LEFT_THUMB': 120, 'RIGHT_INDEX': 161, 'RIGHT_THUMB': 161})
2026-07-06 17:00:59,294 | INFO  | run | === phase: train ===
2026-07-06 17:00:59,296 | INFO  | train | training DecisionTree...
2026-07-06 17:00:59,557 | INFO  | train | training RandomForest...
2026-07-06 17:00:59,648 | INFO  | train | training NaiveBayes...
2026-07-06 17:00:59,651 | INFO  | train | training MLP...
2026-07-06 17:01:01,698 | INFO  | train | training kNN...
2026-07-06 17:01:01,701 | INFO  | run | === phase: eval ===
2026-07-06 17:01:01,701 | INFO  | eval | evaluating DecisionTree...
2026-07-06 17:01:01,725 | INFO  | eval | evaluating RandomForest...
2026-07-06 17:01:02,027 | INFO  | eval | evaluating NaiveBayes...
2026-07-06 17:01:02,039 | INFO  | eval | evaluating MLP...
2026-07-06 17:01:09,132 | INFO  | eval | evaluating kNN...
2026-07-06 17:01:09,147 | INFO  | report | 
============================================
classifier    acc_mean  acc_std  folds
--------------------------------------------
MLP           0.8954    0.0123  [0.919 0.894 0.885 0.885 0.893]
RandomForest  0.8741    0.0316  [0.911 0.894 0.836 0.893 0.836]
kNN           0.8398    0.0340  [0.902 0.821 0.803 0.828 0.844]
DecisionTree  0.8087    0.0461  [0.870 0.837 0.779 0.820 0.738]
NaiveBayes    0.5898    0.0235  [0.593 0.634 0.574 0.574 0.574]
============================================
2026-07-06 17:01:09,147 | INFO  | report | 
### DecisionTree  (acc = 0.8087 ± 0.0461)
              precision    recall  f1-score   support

  LEFT_INDEX      0.853     0.818     0.835       170
  LEFT_THUMB      0.732     0.775     0.753       120
 RIGHT_INDEX      0.823     0.839     0.831       161
 RIGHT_THUMB      0.810     0.795     0.803       161

    accuracy                          0.809       612
   macro avg      0.805     0.807     0.805       612
weighted avg      0.810     0.809     0.809       612
2026-07-06 17:01:09,147 | INFO  | report | 
### RandomForest  (acc = 0.8741 ± 0.0316)
              precision    recall  f1-score   support

  LEFT_INDEX      0.893     0.888     0.891       170
  LEFT_THUMB      0.855     0.833     0.844       120
 RIGHT_INDEX      0.884     0.901     0.892       161
 RIGHT_THUMB      0.858     0.863     0.861       161

    accuracy                          0.874       612
   macro avg      0.873     0.871     0.872       612
weighted avg      0.874     0.874     0.874       612
2026-07-06 17:01:09,147 | INFO  | report | 
### NaiveBayes  (acc = 0.5898 ± 0.0235)
              precision    recall  f1-score   support

  LEFT_INDEX      0.471     0.865     0.610       170
  LEFT_THUMB      0.543     0.575     0.559       120
 RIGHT_INDEX      0.904     0.410     0.564       161
 RIGHT_THUMB      0.790     0.491     0.605       161

    accuracy                          0.590       612
   macro avg      0.677     0.585     0.585       612
weighted avg      0.683     0.590     0.587       612
2026-07-06 17:01:09,147 | INFO  | report | 
### MLP  (acc = 0.8954 ± 0.0123)
              precision    recall  f1-score   support

  LEFT_INDEX      0.923     0.912     0.917       170
  LEFT_THUMB      0.867     0.867     0.867       120
 RIGHT_INDEX      0.923     0.888     0.905       161
 RIGHT_THUMB      0.864     0.907     0.885       161

    accuracy                          0.895       612
   macro avg      0.894     0.893     0.893       612
weighted avg      0.896     0.895     0.896       612
2026-07-06 17:01:09,147 | INFO  | report | 
### kNN  (acc = 0.8398 ± 0.0340)
              precision    recall  f1-score   support

  LEFT_INDEX      0.881     0.871     0.876       170
  LEFT_THUMB      0.783     0.842     0.811       120
 RIGHT_INDEX      0.868     0.820     0.843       161
 RIGHT_THUMB      0.816     0.826     0.821       161

    accuracy                          0.840       612
   macro avg      0.837     0.840     0.838       612
weighted avg      0.841     0.840     0.840       612
2026-07-06 17:01:09,932 | INFO  | run | === phase: plot ===
2026-07-06 17:01:19,594 | INFO  | run | figures written to logger/20260706-170059/plots/
2026-07-06 17:01:19,595 | INFO  | run | run saved: logger/20260706-170059 (latest -> logger/latest)
